<?xml version="1.0" encoding="UTF-8"?>
<testsuite name="TestSuite" time="84.2" tests="3" errors="0" skipped="0" failures="1">
  <properties>
[...]
</properties>
  <testcase name="loginDDT" classname="com.automationpractice.testCases.TC_Login_02" time="59.819"/>
  <testcase name="loginDDT" classname="com.automationpractice.testCases.TC_Login_02" time="9.078">
    <failure message="expected [true] but found [false]" type="java.lang.AssertionError">java.lang.AssertionError: expected [true] but found [false]
	at org.testng.Assert.fail(Assert.java:96)
	at org.testng.Assert.failNotEquals(Assert.java:776)
	at org.testng.Assert.assertTrue(Assert.java:44)
	at org.testng.Assert.assertTrue(Assert.java:54)
	at com.automationpractice.testCases.TC_Login_02.loginDDT(TC_Login_02.java:29)
</failure>
    <system-out><![CDATA[ INFO [main] (TC_Login_02.java:19)- Sign in button clicked on homepage
 INFO [main] (TC_Login_02.java:23)- submit button clicked
 INFO [main] (TC_Login_02.java:26)- Authentication Failed, Please enter valid credentials
Authentication Failed, Please enter valid credentials
Screenshot taken
]]></system-out>
  </testcase>
  <testcase name="CreateNewUserAccount" classname="com.automationpractice.testCases.TC_Create_Account_01" time="24.381"/>
</testsuite>