<?xml version="1.0" encoding="UTF-8"?>
<testng-results skipped="0" failed="0" ignored="0" total="1" passed="1">
  <reporter-output>
  </reporter-output>
  <suite name="AutomationPractice" duration-ms="32385" started-at="2020-11-20T02:49:37Z" finished-at="2020-11-20T02:50:09Z">
    <groups>
    </groups>
    <test name="Automation_Practice Test" duration-ms="32385" started-at="2020-11-20T02:49:37Z" finished-at="2020-11-20T02:50:09Z">
      <class name="com.automationpractice.testCases.TC_Login_01">
        <test-method status="PASS" signature="setup(java.lang.String)[pri:0, instance:com.automationpractice.testCases.TC_Login_01@19dfb72a]" name="setup" is-config="true" duration-ms="21762" started-at="2020-11-20T02:49:37Z" finished-at="2020-11-20T02:49:59Z">
          <params>
            <param index="0">
              <value>
                <![CDATA[chrome]]>
              </value>
            </param>
          </params>
          <reporter-output>
          </reporter-output>
        </test-method> <!-- setup -->
        <test-method status="PASS" signature="signIn()[pri:0, instance:com.automationpractice.testCases.TC_Login_01@19dfb72a]" name="signIn" duration-ms="9626" started-at="2020-11-20T02:49:59Z" finished-at="2020-11-20T02:50:09Z">
          <reporter-output>
          </reporter-output>
        </test-method> <!-- signIn -->
        <test-method status="PASS" signature="teardown()[pri:0, instance:com.automationpractice.testCases.TC_Login_01@19dfb72a]" name="teardown" is-config="true" duration-ms="713" started-at="2020-11-20T02:50:09Z" finished-at="2020-11-20T02:50:09Z">
          <reporter-output>
          </reporter-output>
        </test-method> <!-- teardown -->
      </class> <!-- com.automationpractice.testCases.TC_Login_01 -->
    </test> <!-- Automation_Practice Test -->
  </suite> <!-- AutomationPractice -->
</testng-results>
