<?xml version="1.0" encoding="UTF-8"?>
<!-- Generated by org.testng.reporters.JUnitXMLReporter -->
<testsuite ignored="0" hostname="DESKTOP-1TR2HFR" failures="1" tests="2" name="Automation_Practice Test" time="33.648" errors="0" timestamp="05 Nov 2020 06:11:20 GMT">
  <testcase classname="com.automationpractice.testCases.TC_Login_02" name="loginDDT" time="14.762"/>
  <testcase classname="com.automationpractice.testCases.TC_Login_02" name="loginDDT" time="5.106">
    <failure type="java.lang.AssertionError" message="expected [true] but found [false]">
      <![CDATA[java.lang.AssertionError: expected [true] but found [false]
at com.automationpractice.testCases.TC_Login_02.loginDDT(TC_Login_02.java:29)
... Removed 29 stack frames]]>
    </failure>
  </testcase> <!-- loginDDT -->
</testsuite> <!-- Automation_Practice Test -->
